2020.09.14 09:13:38 INFO  started: Metals version 0.9.3 in workspace '/Users/macbook/Desktop/projects/scala/fp-principle-in-scala/week6/forcomp' for client vscode.
2020.09.14 09:13:39 INFO  time: initialize in 1.04s
Starting the bsp launcher for bloop...
Opening a bsp server connection with 'bsp --protocol local --socket /var/folders/4m/hj_qjbg17kd18mnpdxp0jld80000gn/T/bsp-launcher8299425522056118644/bsp.socket'...
Waiting for the bsp connection to come up...
2020.09.14 09:13:41 INFO  no build target: using presentation compiler with only scala-library
Waiting for the bsp connection to come up...
Waiting for the bsp connection to come up...
Waiting for the bsp connection to come up...
Waiting for the bsp connection to come up...
2020.09.14 09:13:46 WARN  no build target for: /Users/macbook/Desktop/projects/scala/example/src/main/scala/example/Lists.scala
2020.09.14 09:13:46 WARN  no build target for: /Users/macbook/Desktop/projects/scala/fp-principle-in-scala/week6/forcomp/src/main/scala/forcomp/Anagrams.scala
Waiting for the bsp connection to come up...
Waiting for the bsp connection to come up...
Waiting for the bsp connection to come up...
No server running at 127.0.0.1:8212, let's fire one...
Resolving ch.epfl.scala:bloop-frontend_2.12:1.4.3-23-550c6c0a...
Starting bloop server at 127.0.0.1:8212...
Attempting a connection to the server...
Attempting a connection to the server...
Attempting a connection to the server...
Attempting a connection to the server...
Attempting a connection to the server...
Attempting a connection to the server...
Attempting a connection to the server...
Attempting a connection to the server...
Attempting a connection to the server...
Attempting a connection to the server...
Attempting a connection to the server...
Attempting a connection to the server...
Attempting a connection to the server...
Attempting a connection to the server...
Attempting a connection to the server...
Attempting a connection to the server...
Attempting a connection to the server...
Attempting a connection to the server...
Attempting a connection to the server...
Attempting a connection to the server...
Attempting a connection to the server...
[0m[32m[D][0m Loading workspace settings from bloop.settings.json
[0m[32m[D][0m Loading 2 projects from '/Users/macbook/Desktop/projects/scala/fp-principle-in-scala/week6/forcomp/.bloop'...
[0m[32m[D][0m Loading project from '/Users/macbook/Desktop/projects/scala/fp-principle-in-scala/week6/forcomp/.bloop/forcomp.json'
[0m[32m[D][0m Loading project from '/Users/macbook/Desktop/projects/scala/fp-principle-in-scala/week6/forcomp/.bloop/forcomp-test.json'
[0m[32m[D][0m Cache miss for scala instance org.scala-lang:scala-compiler:2.13.0.
[0m[32m[D][0m   => /Users/macbook/Library/Caches/Coursier/v1/https/repo1.maven.org/maven2/jline/jline/2.14.6/jline-2.14.6.jar
[0m[32m[D][0m   => /Users/macbook/Library/Caches/Coursier/v1/https/repo1.maven.org/maven2/org/scala-lang/scala-compiler/2.13.0/scala-compiler-2.13.0.jar
[0m[32m[D][0m   => /Users/macbook/Library/Caches/Coursier/v1/https/repo1.maven.org/maven2/org/scala-lang/scala-compiler/2.13.0/scala-compiler-2.13.0.jar
[0m[32m[D][0m   => /Users/macbook/Library/Caches/Coursier/v1/https/repo1.maven.org/maven2/org/scala-lang/scala-library/2.13.0/scala-library-2.13.0.jar
[0m[32m[D][0m   => /Users/macbook/Library/Caches/Coursier/v1/https/repo1.maven.org/maven2/org/scala-lang/scala-library/2.13.0/scala-library-2.13.0.jar
[0m[32m[D][0m   => /Users/macbook/Library/Caches/Coursier/v1/https/repo1.maven.org/maven2/org/scala-lang/scala-reflect/2.13.0/scala-reflect-2.13.0.jar
[0m[32m[D][0m Configured SemanticDB in projects 'forcomp', 'forcomp-test'
[0m[32m[D][0m Missing analysis file for project 'forcomp'
[0m[32m[D][0m Missing analysis file for project 'forcomp-test'
[0m[32m[D][0m Waiting for a connection at local:///var/folders/4m/hj_qjbg17kd18mnpdxp0jld80000gn/T/bsp-launcher8299425522056118644/bsp.socket...
The server is listening for incoming connections at local:///var/folders/4m/hj_qjbg17kd18mnpdxp0jld80000gn/T/bsp-launcher8299425522056118644/bsp.socket...
Starting thread that pumps stdin and redirects it to the bsp server...
Starting thread that pumps server stdout and redirects it to the client stdout...
2020.09.14 09:13:50 INFO  tracing is disabled for protocol BSP, to enable tracing of incoming and outgoing JSON messages create an empty file at /Users/macbook/Library/Caches/org.scalameta.metals/bsp.trace.json
Starting the bsp launcher for bloop...
Opening a bsp server connection with 'bsp --protocol local --socket /var/folders/4m/hj_qjbg17kd18mnpdxp0jld80000gn/T/bsp-launcher4302198304878067906/bsp.socket'...
Waiting for the bsp connection to come up...
[0m[32m[D][0m Loading workspace settings from bloop.settings.json
[0m[32m[D][0m Waiting for a connection at local:///var/folders/4m/hj_qjbg17kd18mnpdxp0jld80000gn/T/bsp-launcher4302198304878067906/bsp.socket...
The server is listening for incoming connections at local:///var/folders/4m/hj_qjbg17kd18mnpdxp0jld80000gn/T/bsp-launcher4302198304878067906/bsp.socket...
Starting thread that pumps stdin and redirects it to the bsp server...
Starting thread that pumps server stdout and redirects it to the client stdout...
2020.09.14 09:13:51 INFO  tracing is disabled for protocol BSP, to enable tracing of incoming and outgoing JSON messages create an empty file at /Users/macbook/Library/Caches/org.scalameta.metals/bsp.trace.json
2020.09.14 09:13:56 ERROR Timeout waiting for 'build/initialize' response
2020.09.14 09:13:56 ERROR Failed to connect with build server, no functionality will work.
java.util.concurrent.TimeoutException
	at java.util.concurrent.CompletableFuture.timedGet(CompletableFuture.java:1771)
	at java.util.concurrent.CompletableFuture.get(CompletableFuture.java:1915)
	at scala.meta.internal.metals.BuildServerConnection$.initialize(BuildServerConnection.scala:313)
	at scala.meta.internal.metals.BuildServerConnection$.$anonfun$fromSockets$1(BuildServerConnection.scala:252)
	at scala.util.Success.$anonfun$map$1(Try.scala:255)
	at scala.util.Success.map(Try.scala:213)
	at scala.concurrent.Future.$anonfun$map$1(Future.scala:292)
	at scala.concurrent.impl.Promise.liftedTree1$1(Promise.scala:33)
	at scala.concurrent.impl.Promise.$anonfun$transform$1(Promise.scala:33)
	at scala.concurrent.impl.CallbackRunnable.run(Promise.scala:64)
	at java.util.concurrent.ThreadPoolExecutor.runWorker(ThreadPoolExecutor.java:1149)
	at java.util.concurrent.ThreadPoolExecutor$Worker.run(ThreadPoolExecutor.java:624)
	at java.lang.Thread.run(Thread.java:748)

2020.09.14 09:14:18 INFO  shutting down Metals
